[debug] [2023-04-26T23:40:19.818Z] ----------------------------------------------------------------------
[debug] [2023-04-26T23:40:19.822Z] Command:       /home/singingsongs/.nvm/versions/node/v18.16.0/bin/node /usr/local/bin/firebase init
[debug] [2023-04-26T23:40:19.823Z] CLI Version:   11.29.0
[debug] [2023-04-26T23:40:19.823Z] Platform:      linux
[debug] [2023-04-26T23:40:19.823Z] Node Version:  v18.16.0
[debug] [2023-04-26T23:40:19.824Z] Time:          Thu Apr 27 2023 00:40:19 GMT+0100 (West Africa Standard Time)
[debug] [2023-04-26T23:40:19.824Z] ----------------------------------------------------------------------
[debug] 
[debug] [2023-04-26T23:40:19.836Z] > command requires scopes: ["email","openid","https://www.googleapis.com/auth/cloudplatformprojects.readonly","https://www.googleapis.com/auth/firebase","https://www.googleapis.com/auth/cloud-platform"]
[debug] [2023-04-26T23:40:19.837Z] > authorizing via signed-in user (ejesunday2@gmail.com)
[info] 
     ######## #### ########  ######## ########     ###     ######  ########
     ##        ##  ##     ## ##       ##     ##  ##   ##  ##       ##
     ######    ##  ########  ######   ########  #########  ######  ######
     ##        ##  ##    ##  ##       ##     ## ##     ##       ## ##
     ##       #### ##     ## ######## ########  ##     ##  ######  ########

You're about to initialize a Firebase project in this directory:

  /home/singingsongs/Documents/personalProjects/portfolios/singingsongsPortfolio

[info] 
=== Project Setup
[info] 
[info] First, let's associate this project directory with a Firebase project.
[info] You can create multiple project aliases by running firebase use --add, 
[info] but for now we'll just set up a default project.
[info] 
[debug] [2023-04-26T23:40:51.462Z] >>> [apiv2][query] GET https://firebase.googleapis.com/v1beta1/projects pageSize=100
[debug] [2023-04-26T23:40:52.347Z] <<< [apiv2][status] GET https://firebase.googleapis.com/v1beta1/projects 200
[debug] [2023-04-26T23:40:52.347Z] <<< [apiv2][body] GET https://firebase.googleapis.com/v1beta1/projects [omitted]
[info] i  Using project singingsongsportfolio (singingsongsPortfolio) 
[info] 
=== Functions Setup
[debug] [2023-04-26T23:40:54.948Z] > command requires scopes: ["email","openid","https://www.googleapis.com/auth/cloudplatformprojects.readonly","https://www.googleapis.com/auth/firebase","https://www.googleapis.com/auth/cloud-platform"]
[debug] [2023-04-26T23:40:54.949Z] > authorizing via signed-in user (ejesunday2@gmail.com)
[debug] [2023-04-26T23:40:54.949Z] [iam] checking project singingsongsportfolio for permissions ["firebase.projects.get"]
[debug] [2023-04-26T23:40:54.950Z] >>> [apiv2][query] POST https://cloudresourcemanager.googleapis.com/v1/projects/singingsongsportfolio:testIamPermissions [none]
[debug] [2023-04-26T23:40:54.950Z] >>> [apiv2][(partial)header] POST https://cloudresourcemanager.googleapis.com/v1/projects/singingsongsportfolio:testIamPermissions x-goog-quota-user=projects/singingsongsportfolio
[debug] [2023-04-26T23:40:54.951Z] >>> [apiv2][body] POST https://cloudresourcemanager.googleapis.com/v1/projects/singingsongsportfolio:testIamPermissions {"permissions":["firebase.projects.get"]}
[debug] [2023-04-26T23:40:56.421Z] <<< [apiv2][status] POST https://cloudresourcemanager.googleapis.com/v1/projects/singingsongsportfolio:testIamPermissions 200
[debug] [2023-04-26T23:40:56.421Z] <<< [apiv2][body] POST https://cloudresourcemanager.googleapis.com/v1/projects/singingsongsportfolio:testIamPermissions {"permissions":["firebase.projects.get"]}
[debug] [2023-04-26T23:40:56.423Z] >>> [apiv2][query] GET https://serviceusage.googleapis.com/v1/projects/singingsongsportfolio/services/cloudfunctions.googleapis.com [none]
[debug] [2023-04-26T23:40:56.423Z] >>> [apiv2][(partial)header] GET https://serviceusage.googleapis.com/v1/projects/singingsongsportfolio/services/cloudfunctions.googleapis.com x-goog-quota-user=projects/singingsongsportfolio
[debug] [2023-04-26T23:40:56.425Z] >>> [apiv2][query] GET https://serviceusage.googleapis.com/v1/projects/singingsongsportfolio/services/runtimeconfig.googleapis.com [none]
[debug] [2023-04-26T23:40:56.426Z] >>> [apiv2][(partial)header] GET https://serviceusage.googleapis.com/v1/projects/singingsongsportfolio/services/runtimeconfig.googleapis.com x-goog-quota-user=projects/singingsongsportfolio
[debug] [2023-04-26T23:40:57.902Z] <<< [apiv2][status] GET https://serviceusage.googleapis.com/v1/projects/singingsongsportfolio/services/runtimeconfig.googleapis.com 200
[debug] [2023-04-26T23:40:57.902Z] <<< [apiv2][body] GET https://serviceusage.googleapis.com/v1/projects/singingsongsportfolio/services/runtimeconfig.googleapis.com [omitted]
[debug] [2023-04-26T23:40:57.979Z] <<< [apiv2][status] GET https://serviceusage.googleapis.com/v1/projects/singingsongsportfolio/services/cloudfunctions.googleapis.com 200
[debug] [2023-04-26T23:40:57.979Z] <<< [apiv2][body] GET https://serviceusage.googleapis.com/v1/projects/singingsongsportfolio/services/cloudfunctions.googleapis.com [omitted]
[info] 
Detected existing codebase(s): default

[info] 
Overwriting codebase default...

[info] ✔  Wrote functions/package.json 
[info] ✔  Wrote functions/index.js 
[info] ✔  Wrote functions/.gitignore 
[info] 
=== Hosting Setup
[info] 
[info] Your public directory is the folder (relative to your project directory) that
[info] will contain Hosting assets to be uploaded with firebase deploy. If you
[info] have a build process for your assets, use your build's output directory.
[info] 
[debug] [2023-04-26T23:41:51.690Z] >>> [apiv2][query] GET https://www.gstatic.com/firebasejs/releases.json [none]
[debug] [2023-04-26T23:41:52.100Z] <<< [apiv2][status] GET https://www.gstatic.com/firebasejs/releases.json 200
[debug] [2023-04-26T23:41:52.100Z] <<< [apiv2][body] GET https://www.gstatic.com/firebasejs/releases.json {"current":{"version":"9.20.0","browserURL":"https://www.gstatic.com/firebasejs/9.20.0/firebase.js","packageURL":"https://www.gstatic.com/firebasejs/9.20.0/firebase.tgz"},"live":{"version":"9.20","browserURL":"https://www.gstatic.com/firebasejs/live/9.20/firebase.js","packageURL":"https://www.gstatic.com/firebasejs/live/9.20/firebase.tgz"},"components":{"analytics":"https://www.gstatic.com/firebasejs/9.20.0/firebase-analytics.js","app":"https://www.gstatic.com/firebasejs/9.20.0/firebase-app.js","app-check":"https://www.gstatic.com/firebasejs/9.20.0/firebase-app-check.js","auth":"https://www.gstatic.com/firebasejs/9.20.0/firebase-auth.js","auth/cordova":"https://www.gstatic.com/firebasejs/9.20.0/firebase-auth/cordova.js","auth/react-native":"https://www.gstatic.com/firebasejs/9.20.0/firebase-auth/react-native.js","functions":"https://www.gstatic.com/firebasejs/9.20.0/firebase-functions.js","firestore":"https://www.gstatic.com/firebasejs/9.20.0/firebase-firestore.js","firestore/lite":"https://www.gstatic.com/firebasejs/9.20.0/firebase-firestore/lite.js","installations":"https://www.gstatic.com/firebasejs/9.20.0/firebase-installations.js","storage":"https://www.gstatic.com/firebasejs/9.20.0/firebase-storage.js","performance":"https://www.gstatic.com/firebasejs/9.20.0/firebase-performance.js","remote-config":"https://www.gstatic.com/firebasejs/9.20.0/firebase-remote-config.js","messaging":"https://www.gstatic.com/firebasejs/9.20.0/firebase-messaging.js","messaging/sw":"https://www.gstatic.com/firebasejs/9.20.0/firebase-messaging/sw.js","database":"https://www.gstatic.com/firebasejs/9.20.0/firebase-database.js","firestore.memory":"https://www.gstatic.com/firebasejs/9.20.0/firebase-firestore.memory.js"}}
[info] ✔  Wrote y/index.html 
[info] 
[info] i  Didn't detect a .git folder. Assuming /home/singingsongs/Documents/personalProjects/portfolios/singingsongsPortfolio is the project root. 
[info] i  Authorizing with GitHub to upload your service account to a GitHub repository's secrets store. 
[info] 
[info] Visit this URL on this device to log in:
[info] https://github.com/login/oauth/authorize?client_id=89cf50f02ac6aaed3484&state=328804718&redirect_uri=http%3A%2F%2Flocalhost%3A9005&scope=read%3Auser%20repo%20public_repo
[info] 
[info] Waiting for authentication...
[debug] [2023-04-26T23:48:01.930Z] >>> [apiv2][query] POST https://github.com/login/oauth/access_token [none]
[debug] [2023-04-26T23:48:01.930Z] >>> [apiv2][body] POST https://github.com/login/oauth/access_token [stream]
[debug] [2023-04-26T23:48:02.746Z] <<< [apiv2][status] POST https://github.com/login/oauth/access_token 200
[debug] [2023-04-26T23:48:02.746Z] <<< [apiv2][body] POST https://github.com/login/oauth/access_token {"access_token":"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","token_type":"bearer","scope":"read:user,repo"}
[debug] [2023-04-26T23:48:02.818Z] >>> [apiv2][query] GET https://api.github.com/user [none]
[debug] [2023-04-26T23:48:03.657Z] <<< [apiv2][status] GET https://api.github.com/user 200
[debug] [2023-04-26T23:48:03.657Z] <<< [apiv2][body] GET https://api.github.com/user {"login":"Asinging","id":39298294,"node_id":"MDQ6VXNlcjM5Mjk4Mjk0","avatar_url":"https://avatars.githubusercontent.com/u/39298294?v=4","gravatar_id":"","url":"https://api.github.com/users/Asinging","html_url":"https://github.com/Asinging","followers_url":"https://api.github.com/users/Asinging/followers","following_url":"https://api.github.com/users/Asinging/following{/other_user}","gists_url":"https://api.github.com/users/Asinging/gists{/gist_id}","starred_url":"https://api.github.com/users/Asinging/starred{/owner}{/repo}","subscriptions_url":"https://api.github.com/users/Asinging/subscriptions","organizations_url":"https://api.github.com/users/Asinging/orgs","repos_url":"https://api.github.com/users/Asinging/repos","events_url":"https://api.github.com/users/Asinging/events{/privacy}","received_events_url":"https://api.github.com/users/Asinging/received_events","type":"User","site_admin":false,"name":"Singingsongs","company":null,"blog":"","location":null,"email":null,"hireable":null,"bio":"A Software Engineer | Logic Lover | A very Loyal friend of The Truth","twitter_username":null,"public_repos":13,"public_gists":0,"followers":0,"following":8,"created_at":"2018-05-15T09:29:46Z","updated_at":"2023-04-08T21:12:24Z","private_gists":0,"total_private_repos":7,"owned_private_repos":7,"disk_usage":1139888,"collaborators":0,"two_factor_authentication":false,"plan":{"name":"free","space":976562499,"collaborators":0,"private_repos":10000}}
[info] 
[info] ✔  Success! Logged into GitHub as Asinging 
[info] 
